<?xml version="1.0" encoding="UTF-8"?>
<!-- Generated by org.testng.reporters.JUnitXMLReporter -->
<testsuite ignored="0" hostname="DESKTOP-6S5M6CU" failures="1" tests="17" name="Surefire test" time="23.431" errors="0" timestamp="2022-05-03T13:18:52 IDT">
  <testcase classname="com.example.demo.AboutManagerTest" name="A1_initializeScreen on A1_initializeScreen(com.example.demo.AboutManagerTest)" time="5.235"/>
  <testcase classname="com.example.demo.EditProfileManagerTest" name="A1_testInitializeScreen on A1_testInitializeScreen(com.example.demo.EditProfileManagerTest)" time="1.805"/>
  <testcase classname="com.example.demo.EditProfileManagerTest" name="A2_updateFormData on A2_updateFormData(com.example.demo.EditProfileManagerTest)" time="2.884"/>
  <testcase classname="com.example.demo.LoginManagerTest" name="A1_initializeScreen on A1_initializeScreen(com.example.demo.LoginManagerTest)" time="0.87"/>
  <testcase classname="com.example.demo.LoginManagerTest" name="A2_authorize on A2_authorize(com.example.demo.LoginManagerTest)" time="2.249"/>
  <testcase classname="com.example.demo.ManageUsersManagerTest" name="A1_initializeScreen on A1_initializeScreen(com.example.demo.ManageUsersManagerTest)" time="1.375"/>
  <testcase classname="com.example.demo.ManageUsersManagerTest" name="A2_filterUsers on A2_filterUsers(com.example.demo.ManageUsersManagerTest)" time="1.904"/>
  <testcase classname="com.example.demo.MessagesPanelManagerTest" name="A1_testInitializeScreen on A1_testInitializeScreen(com.example.demo.MessagesPanelManagerTest)" time="1.561"/>
  <testcase classname="com.example.demo.MessagesPanelManagerTest" name="A2_testViewMessage on A2_testViewMessage(com.example.demo.MessagesPanelManagerTest)" time="2.56"/>
  <testcase classname="com.example.demo.MessagesPanelManagerTest" name="A3_testReplyMessage on A3_testReplyMessage(com.example.demo.MessagesPanelManagerTest)" time="3.769"/>
  <testcase classname="com.example.demo.MessagesPanelManagerTest" name="A4_testDeleteMessage on A4_testDeleteMessage(com.example.demo.MessagesPanelManagerTest)" time="4.763"/>
  <testcase classname="com.example.demo.SendMessageManagerTest" name="A1_initializeScreen on A1_initializeScreen(com.example.demo.SendMessageManagerTest)" time="1.487"/>
  <testcase classname="com.example.demo.SendMessageManagerTest" name="A2_sendMessage on A2_sendMessage(com.example.demo.SendMessageManagerTest)" time="2.689">
    <failure type="java.lang.RuntimeException" message="java.lang.NullPointerException: Cannot invoke &amp;quot;javafx.stage.Window.setWidth(double)&amp;quot; because the return value of &amp;quot;javafx.scene.Scene.getWindow()&amp;quot; is null">
      <![CDATA[java.lang.RuntimeException: java.lang.NullPointerException: Cannot invoke "javafx.stage.Window.setWidth(double)" because the return value of "javafx.scene.Scene.getWindow()" is null
at org.testfx.util.WaitForAsyncUtils.---- Delayed Exception: (See Trace Below) ----(WaitForAsyncUtils.java:0)
Caused by: java.lang.NullPointerException: Cannot invoke "javafx.stage.Window.setWidth(double)" because the return value of "javafx.scene.Scene.getWindow()" is null
at com.example.demo.MessagesPanelManager.initializeScreen(MessagesPanelManager.java:26)
at com.example.demo.ReplyMessageManager.returnToMessages(ReplyMessageManager.java:54)
at com.example.demo.ReplyMessageManager.lambda$sendReplyMessage$0(ReplyMessageManager.java:82)
at com.sun.scenario.animation.shared.TimelineClipCore.visitKeyFrame(TimelineClipCore.java:239)
at com.sun.scenario.animation.shared.TimelineClipCore.playTo(TimelineClipCore.java:180)
at javafx.animation.Timeline.doPlayTo(Timeline.java:172)
at javafx.animation.AnimationAccessorImpl.playTo(AnimationAccessorImpl.java:39)
at com.sun.scenario.animation.shared.SingleLoopClipEnvelope.timePulse(SingleLoopClipEnvelope.java:103)
at javafx.animation.Animation.doTimePulse(Animation.java:1189)
at javafx.animation.Animation$1.lambda$timePulse$0(Animation.java:207)
at java.base/java.security.AccessController.doPrivileged(AccessController.java:399)
at javafx.animation.Animation$1.timePulse(Animation.java:206)
at com.sun.scenario.animation.AbstractPrimaryTimer.timePulseImpl(AbstractPrimaryTimer.java:343)
at com.sun.scenario.animation.AbstractPrimaryTimer$MainLoop.run(AbstractPrimaryTimer.java:266)
at com.sun.javafx.tk.quantum.QuantumToolkit.pulse(QuantumToolkit.java:571)
at com.sun.javafx.tk.quantum.QuantumToolkit.pulse(QuantumToolkit.java:555)
at com.sun.javafx.tk.quantum.QuantumToolkit.pulseFromQueue(QuantumToolkit.java:548)
at com.sun.javafx.tk.quantum.QuantumToolkit.lambda$runToolkit$11(QuantumToolkit.java:352)
at com.sun.glass.ui.InvokeLaterDispatcher$Future.run(InvokeLaterDispatcher.java:96)
at com.sun.glass.ui.win.WinApplication._runLoop(Native Method)
at com.sun.glass.ui.win.WinApplication.lambda$runLoop$3(WinApplication.java:184)
at java.base/java.lang.Thread.run(Thread.java:833)
]]>
    </failure>
  </testcase> <!-- A2_sendMessage on A2_sendMessage(com.example.demo.SendMessageManagerTest) -->
  <testcase classname="com.example.demo.TodoListManagerTest" name="A1_initializeScreen on A1_initializeScreen(com.example.demo.TodoListManagerTest)" time="1.072"/>
  <testcase classname="com.example.demo.TodoListManagerTest" name="A2_commitChange on A2_commitChange(com.example.demo.TodoListManagerTest)" time="1.759"/>
  <testcase classname="com.example.demo.TodoListManagerTest" name="A3_addItem on A3_addItem(com.example.demo.TodoListManagerTest)" time="2.806"/>
  <testcase classname="com.example.demo.TodoListManagerTest" name="A4_deleteItem on A4_deleteItem(com.example.demo.TodoListManagerTest)" time="3.613"/>
</testsuite> <!-- Surefire test -->
