<?xml version="1.0" encoding="UTF-8"?>
<testsuite xmlns:xsi="http://www.w3.org/2001/XMLSchema-instance" xsi:schemaLocation="https://maven.apache.org/surefire/maven-surefire-plugin/xsd/surefire-test-report.xsd" name="TestSuite" time="23.978" tests="17" errors="0" skipped="0" failures="1">
  <properties>
[...]
</properties>
  <testcase name="A1_initializeScreen on A1_initializeScreen(com.example.demo.AboutManagerTest)" classname="com.example.demo.AboutManagerTest" time="4.322"/>
  <testcase name="A1_testInitializeScreen on A1_testInitializeScreen(com.example.demo.EditProfileManagerTest)" classname="com.example.demo.EditProfileManagerTest" time="1.2"/>
  <testcase name="A2_updateFormData on A2_updateFormData(com.example.demo.EditProfileManagerTest)" classname="com.example.demo.EditProfileManagerTest" time="1.079"/>
  <testcase name="A1_initializeScreen on A1_initializeScreen(com.example.demo.LoginManagerTest)" classname="com.example.demo.LoginManagerTest" time="0.187"/>
  <testcase name="A2_authorize on A2_authorize(com.example.demo.LoginManagerTest)" classname="com.example.demo.LoginManagerTest" time="1.38"/>
  <testcase name="A1_initializeScreen on A1_initializeScreen(com.example.demo.ManageUsersManagerTest)" classname="com.example.demo.ManageUsersManagerTest" time="0.838"/>
  <testcase name="A2_filterUsers on A2_filterUsers(com.example.demo.ManageUsersManagerTest)" classname="com.example.demo.ManageUsersManagerTest" time="0.531"/>
  <testcase name="A1_testInitializeScreen on A1_testInitializeScreen(com.example.demo.MessagesPanelManagerTest)" classname="com.example.demo.MessagesPanelManagerTest" time="1.002"/>
  <testcase name="A2_testViewMessage on A2_testViewMessage(com.example.demo.MessagesPanelManagerTest)" classname="com.example.demo.MessagesPanelManagerTest" time="0.998"/>
  <testcase name="A3_testReplyMessage on A3_testReplyMessage(com.example.demo.MessagesPanelManagerTest)" classname="com.example.demo.MessagesPanelManagerTest" time="1.209"/>
  <testcase name="A4_testDeleteMessage on A4_testDeleteMessage(com.example.demo.MessagesPanelManagerTest)" classname="com.example.demo.MessagesPanelManagerTest" time="0.994"/>
  <testcase name="A1_initializeScreen on A1_initializeScreen(com.example.demo.SendMessageManagerTest)" classname="com.example.demo.SendMessageManagerTest" time="0.953"/>
  <testcase name="A2_sendMessage on A2_sendMessage(com.example.demo.SendMessageManagerTest)" classname="com.example.demo.SendMessageManagerTest" time="1.211">
    <failure message="java.lang.NullPointerException: Cannot invoke &quot;javafx.stage.Window.setWidth(double)&quot; because the return value of &quot;javafx.scene.Scene.getWindow()&quot; is null" type="java.lang.RuntimeException">java.lang.RuntimeException: java.lang.NullPointerException: Cannot invoke "javafx.stage.Window.setWidth(double)" because the return value of "javafx.scene.Scene.getWindow()" is null
Caused by: java.lang.NullPointerException: Cannot invoke "javafx.stage.Window.setWidth(double)" because the return value of "javafx.scene.Scene.getWindow()" is null
</failure>
    <system-err><![CDATA[--- Exception in Async Thread ---
java.lang.NullPointerException: Cannot invoke "javafx.stage.Window.setWidth(double)" because the return value of "javafx.scene.Scene.getWindow()" is null
	com.example.demo.MessagesPanelManager.initializeScreen(MessagesPanelManager.java:26)
	com.example.demo.ReplyMessageManager.returnToMessages(ReplyMessageManager.java:54)
	com.example.demo.ReplyMessageManager.lambda$sendReplyMessage$0(ReplyMessageManager.java:82)
	com.sun.scenario.animation.shared.TimelineClipCore.visitKeyFrame(TimelineClipCore.java:239)
	com.sun.scenario.animation.shared.TimelineClipCore.playTo(TimelineClipCore.java:180)
	javafx.animation.Timeline.doPlayTo(Timeline.java:172)
	javafx.animation.AnimationAccessorImpl.playTo(AnimationAccessorImpl.java:39)
	com.sun.scenario.animation.shared.SingleLoopClipEnvelope.timePulse(SingleLoopClipEnvelope.java:103)
	javafx.animation.Animation.doTimePulse(Animation.java:1189)
	javafx.animation.Animation$1.lambda$timePulse$0(Animation.java:207)
	java.base/java.security.AccessController.doPrivileged(AccessController.java:399)
	javafx.animation.Animation$1.timePulse(Animation.java:206)
	com.sun.scenario.animation.AbstractPrimaryTimer.timePulseImpl(AbstractPrimaryTimer.java:343)
	com.sun.scenario.animation.AbstractPrimaryTimer$MainLoop.run(AbstractPrimaryTimer.java:266)
	com.sun.javafx.tk.quantum.QuantumToolkit.pulse(QuantumToolkit.java:571)
	com.sun.javafx.tk.quantum.QuantumToolkit.pulse(QuantumToolkit.java:555)
	com.sun.javafx.tk.quantum.QuantumToolkit.pulseFromQueue(QuantumToolkit.java:548)
	com.sun.javafx.tk.quantum.QuantumToolkit.lambda$runToolkit$11(QuantumToolkit.java:352)
	com.sun.glass.ui.InvokeLaterDispatcher$Future.run(InvokeLaterDispatcher.java:96)
	com.sun.glass.ui.win.WinApplication._runLoop(Native Method)
	com.sun.glass.ui.win.WinApplication.lambda$runLoop$3(WinApplication.java:184)
	java.base/java.lang.Thread.run(Thread.java:833)

]]></system-err>
  </testcase>
  <testcase name="A1_initializeScreen on A1_initializeScreen(com.example.demo.TodoListManagerTest)" classname="com.example.demo.TodoListManagerTest" time="0.523"/>
  <testcase name="A2_commitChange on A2_commitChange(com.example.demo.TodoListManagerTest)" classname="com.example.demo.TodoListManagerTest" time="0.687"/>
  <testcase name="A3_addItem on A3_addItem(com.example.demo.TodoListManagerTest)" classname="com.example.demo.TodoListManagerTest" time="1.047"/>
  <testcase name="A4_deleteItem on A4_deleteItem(com.example.demo.TodoListManagerTest)" classname="com.example.demo.TodoListManagerTest" time="0.807"/>
</testsuite>